Using pre-set license
Built from '2020.3/staging' branch; Version is '2020.3.5f1 (8095aa901b9b) revision 8426922'; Using compiler version '192528614'; Build Type 'Release'
OS: 'Windows 10 Home Single Language; OS build 19043.1237; Version 2009; 64bit' Language: 'en' Physical Memory: 7996 MB
BatchMode: 1, IsHumanControllingUs: 0, StartBugReporterOnCrash: 0, Is64bit: 1, IsPro: 0

 COMMAND LINE ARGUMENTS:
C:\Program Files\Unity\Hub\Editor\2020.3.5f1\Editor\Unity.exe
-adb2
-batchMode
-noUpm
-name
AssetImportWorker3
-projectPath
H:/Batch7
-logFile
Logs/AssetImportWorker3.log
-srvPort
59784
Successfully changed project path to: H:/Batch7
H:/Batch7
Using Asset Import Pipeline V2.
Refreshing native plugins compatible for Editor in 269.73 ms, found 5 plugins.
Preloading 1 native plugins for Editor in 1.73 ms.
Initialize engine version: 2020.3.5f1 (8095aa901b9b)
[Subsystems] Discovering subsystems at path C:/Program Files/Unity/Hub/Editor/2020.3.5f1/Editor/Data/Resources/UnitySubsystems
[Subsystems] Discovering subsystems at path H:/Batch7/Assets
GfxDevice: creating device client; threaded=0
Direct3D:
    Version:  Direct3D 11.0 [level 11.0]
    Renderer: NVIDIA GeForce MX110 (ID=0x174e)
    Vendor:   
    VRAM:     2010 MB
    Driver:   27.21.14.6280
Shader 'Oculus/OVRMRCameraFrameLit': fallback shader 'Alpha-Diffuse' not found
Initialize mono
Mono path[0] = 'C:/Program Files/Unity/Hub/Editor/2020.3.5f1/Editor/Data/Managed'
Mono path[1] = 'C:/Program Files/Unity/Hub/Editor/2020.3.5f1/Editor/Data/MonoBleedingEdge/lib/mono/unityjit'
Mono config path = 'C:/Program Files/Unity/Hub/Editor/2020.3.5f1/Editor/Data/MonoBleedingEdge/etc'
Using monoOptions --debugger-agent=transport=dt_socket,embedding=1,server=y,suspend=n,address=127.0.0.1:56680
Begin MonoManager ReloadAssembly
Registering precompiled unity dll's ...
Register platform support module: C:/Program Files/Unity/Hub/Editor/2020.3.5f1/Editor/Data/PlaybackEngines/WindowsStandaloneSupport/UnityEditor.WindowsStandalone.Extensions.dll
Registered in 0.007126 seconds.
Native extension for WindowsStandalone target not found
Refreshing native plugins compatible for Editor in 253.31 ms, found 5 plugins.
Preloading 1 native plugins for Editor in 0.10 ms.
Mono: successfully reloaded assembly
- Completed reload, in  5.236 seconds
Platform modules already initialized, skipping
Registering precompiled user dll's ...
Registered in 0.004626 seconds.
Begin MonoManager ReloadAssembly
Native extension for WindowsStandalone target not found
Refreshing native plugins compatible for Editor in 487.46 ms, found 5 plugins.
Preloading 1 native plugins for Editor in 0.12 ms.
[XR] OculusXRPlugin: registering subsystems
[XR] Unable to register display lifecyle provider: [1]
[XR] Oculus Input lifecycle provider registered.
[XR] Unable to register input lifecyle provider: [1]
[XR] OVRP version 1.57.0
Mono: successfully reloaded assembly
- Completed reload, in  7.272 seconds
Platform modules already initialized, skipping
========================================================================
Worker process is ready to serve import requests
Shader 'Oculus/OVRMRCameraFrameLit': fallback shader 'Alpha-Diffuse' not found
Launched and connected shader compiler UnityShaderCompiler.exe after 0.20 seconds
Refreshing native plugins compatible for Editor in 2.67 ms, found 5 plugins.
Preloading 1 native plugins for Editor in 0.13 ms.
Unloading 2590 Unused Serialized files (Serialized files now loaded: 0)
System memory in use before: 177.8 MB.
System memory in use after: 177.5 MB.

Unloading 40 unused Assets to reduce memory usage. Loaded Objects now: 3062.
Total: 6.832300 ms (FindLiveObjects: 0.644200 ms CreateObjectMapping: 0.385600 ms MarkObjects: 4.964500 ms  DeleteObjects: 0.836000 ms)

========================================================================
Received Import Request.
  path: Assets/Scenes/moon walk.unity
  artifactKey: Guid(5051731aff5807441a873052ed16524d) Importer(815301076,1909f56bfc062723c751e8b465ee728b)
Start importing Assets/Scenes/moon walk.unity using Guid(5051731aff5807441a873052ed16524d) Importer(815301076,1909f56bfc062723c751e8b465ee728b)  -> (artifact id: '598e2c57cef7dcca810acd853579472d') in 0.602726 seconds
  Import took 0.898376 seconds .

========================================================================
Received Import Request.
  Time since last request: 0.001427 seconds.
  path: Assets/Scenes/1stPersonDemoScene.unity
  artifactKey: Guid(70cc860822d39fb4593dc9d6ac37b58c) Importer(815301076,1909f56bfc062723c751e8b465ee728b)
Start importing Assets/Scenes/1stPersonDemoScene.unity using Guid(70cc860822d39fb4593dc9d6ac37b58c) Importer(815301076,1909f56bfc062723c751e8b465ee728b)  -> (artifact id: '33f9e2554b1867f9822e506e784b8cf2') in 0.026378 seconds
  Import took 0.526800 seconds .

========================================================================
Received Import Request.
  Time since last request: 0.225919 seconds.
  path: Assets/Scenes/moon walk.unity
  artifactKey: Guid(5051731aff5807441a873052ed16524d) Importer(815301076,1909f56bfc062723c751e8b465ee728b)
Start importing Assets/Scenes/moon walk.unity using Guid(5051731aff5807441a873052ed16524d) Importer(815301076,1909f56bfc062723c751e8b465ee728b)  -> (artifact id: '598e2c57cef7dcca810acd853579472d') in 0.158776 seconds
  Import took 0.296297 seconds .

========================================================================
Received Prepare
Registering precompiled user dll's ...
Registered in 0.564575 seconds.
Begin MonoManager ReloadAssembly
Native extension for WindowsStandalone target not found
Refreshing native plugins compatible for Editor in 2.14 ms, found 5 plugins.
Preloading 1 native plugins for Editor in 0.10 ms.
Mono: successfully reloaded assembly
- Completed reload, in  4.625 seconds
Platform modules already initialized, skipping
Switching build target platform(5) subTarget(0) extendedPlatform(0) -> platform(13) subTarget(65536) extendedPlatform(0)
Shader 'Oculus/OVRMRCameraFrameLit': fallback shader 'Alpha-Diffuse' not found
Refreshing native plugins compatible for Editor in 2.24 ms, found 5 plugins.
Preloading 1 native plugins for Editor in 0.09 ms.
Unloading 2373 Unused Serialized files (Serialized files now loaded: 0)
System memory in use before: 154.0 MB.
System memory in use after: 153.8 MB.

Unloading 34 unused Assets to reduce memory usage. Loaded Objects now: 3066.
Total: 6.283500 ms (FindLiveObjects: 1.136600 ms CreateObjectMapping: 0.390800 ms MarkObjects: 4.025800 ms  DeleteObjects: 0.726600 ms)

AssetImportParameters requested are different than current active one (requested -> active):
  custom:graphics/normal-map-encoding: 01000000000000000000000000000000 -> 02000000000000000000000000000000
AssetImportWorkerClient::OnTransportError - code=2 error=End of file
