Using pre-set license
Built from '2020.3/staging' branch; Version is '2020.3.5f1 (8095aa901b9b) revision 8426922'; Using compiler version '192528614'; Build Type 'Release'
OS: 'Windows 10 Home Single Language; OS build 19043.1237; Version 2009; 64bit' Language: 'en' Physical Memory: 7996 MB
BatchMode: 1, IsHumanControllingUs: 0, StartBugReporterOnCrash: 0, Is64bit: 1, IsPro: 0

 COMMAND LINE ARGUMENTS:
C:\Program Files\Unity\Hub\Editor\2020.3.5f1\Editor\Unity.exe
-adb2
-batchMode
-noUpm
-name
AssetImportWorker1
-projectPath
H:/Batch7
-logFile
Logs/AssetImportWorker1.log
-srvPort
63389
Successfully changed project path to: H:/Batch7
H:/Batch7
Using Asset Import Pipeline V2.
Refreshing native plugins compatible for Editor in 187.34 ms, found 5 plugins.
Preloading 1 native plugins for Editor in 1.61 ms.
Initialize engine version: 2020.3.5f1 (8095aa901b9b)
[Subsystems] Discovering subsystems at path C:/Program Files/Unity/Hub/Editor/2020.3.5f1/Editor/Data/Resources/UnitySubsystems
[Subsystems] Discovering subsystems at path H:/Batch7/Assets
GfxDevice: creating device client; threaded=0
Direct3D:
    Version:  Direct3D 11.0 [level 11.0]
    Renderer: NVIDIA GeForce MX110 (ID=0x174e)
    Vendor:   
    VRAM:     2010 MB
    Driver:   27.21.14.6280
Shader 'Oculus/OVRMRCameraFrameLit': fallback shader 'Alpha-Diffuse' not found
Initialize mono
Mono path[0] = 'C:/Program Files/Unity/Hub/Editor/2020.3.5f1/Editor/Data/Managed'
Mono path[1] = 'C:/Program Files/Unity/Hub/Editor/2020.3.5f1/Editor/Data/MonoBleedingEdge/lib/mono/unityjit'
Mono config path = 'C:/Program Files/Unity/Hub/Editor/2020.3.5f1/Editor/Data/MonoBleedingEdge/etc'
Using monoOptions --debugger-agent=transport=dt_socket,embedding=1,server=y,suspend=n,address=127.0.0.1:56084
Begin MonoManager ReloadAssembly
Registering precompiled unity dll's ...
Register platform support module: C:/Program Files/Unity/Hub/Editor/2020.3.5f1/Editor/Data/PlaybackEngines/WindowsStandaloneSupport/UnityEditor.WindowsStandalone.Extensions.dll
Registered in 0.008717 seconds.
Native extension for WindowsStandalone target not found
Refreshing native plugins compatible for Editor in 195.35 ms, found 5 plugins.
Preloading 1 native plugins for Editor in 0.09 ms.
Mono: successfully reloaded assembly
- Completed reload, in  5.967 seconds
Platform modules already initialized, skipping
Registering precompiled user dll's ...
Registered in 0.054825 seconds.
Begin MonoManager ReloadAssembly
Native extension for WindowsStandalone target not found
Refreshing native plugins compatible for Editor in 365.77 ms, found 5 plugins.
Preloading 1 native plugins for Editor in 0.08 ms.
[XR] OculusXRPlugin: registering subsystems
[XR] Unable to register display lifecyle provider: [1]
[XR] Oculus Input lifecycle provider registered.
[XR] Unable to register input lifecyle provider: [1]
[XR] OVRP version 1.57.0
Mono: successfully reloaded assembly
- Completed reload, in  3.928 seconds
Platform modules already initialized, skipping
========================================================================
Worker process is ready to serve import requests
Shader 'Oculus/OVRMRCameraFrameLit': fallback shader 'Alpha-Diffuse' not found
Launched and connected shader compiler UnityShaderCompiler.exe after 0.10 seconds
Refreshing native plugins compatible for Editor in 1.74 ms, found 5 plugins.
Preloading 1 native plugins for Editor in 0.23 ms.
Unloading 2589 Unused Serialized files (Serialized files now loaded: 0)
System memory in use before: 177.7 MB.
System memory in use after: 177.4 MB.

Unloading 40 unused Assets to reduce memory usage. Loaded Objects now: 3061.
Total: 5.165500 ms (FindLiveObjects: 0.469000 ms CreateObjectMapping: 0.240500 ms MarkObjects: 3.649300 ms  DeleteObjects: 0.804200 ms)

========================================================================
Received Import Request.
  path: Assets/Scenes/moon walk.unity
  artifactKey: Guid(5051731aff5807441a873052ed16524d) Importer(815301076,1909f56bfc062723c751e8b465ee728b)
Start importing Assets/Scenes/moon walk.unity using Guid(5051731aff5807441a873052ed16524d) Importer(815301076,1909f56bfc062723c751e8b465ee728b)  -> (artifact id: '37d96368755f55d3c49c636a252f6cba') in 0.037191 seconds
  Import took 0.137109 seconds .

========================================================================
Received Import Request.
  Time since last request: 0.000629 seconds.
  path: Assets/Map-Marker-Free-Download-PNG.png
  artifactKey: Guid(3747cbac30a86f54593f23d49f3dcae6) Importer(815301076,1909f56bfc062723c751e8b465ee728b)
Start importing Assets/Map-Marker-Free-Download-PNG.png using Guid(3747cbac30a86f54593f23d49f3dcae6) Importer(815301076,1909f56bfc062723c751e8b465ee728b)  -> (artifact id: '27949be28c499f7847adb0f55fd8453a') in 0.406979 seconds
  Import took 0.429226 seconds .

========================================================================
Received Import Request.
  Time since last request: 0.001148 seconds.
  path: Assets/Resources/OVRBuildConfig.asset
  artifactKey: Guid(435b6df6079cc4249935e103eefb3cb1) Importer(815301076,1909f56bfc062723c751e8b465ee728b)
Start importing Assets/Resources/OVRBuildConfig.asset using Guid(435b6df6079cc4249935e103eefb3cb1) Importer(815301076,1909f56bfc062723c751e8b465ee728b)  -> (artifact id: 'b532189a9d3eed52c7a4510f168a7f40') in 0.021006 seconds
  Import took 0.078889 seconds .

========================================================================
Received Import Request.
  Time since last request: 0.000983 seconds.
  path: Assets/istockphoto-108604226-1024x1024.jpg
  artifactKey: Guid(025f51f95d555aa41a79089f5d58e747) Importer(815301076,1909f56bfc062723c751e8b465ee728b)
Start importing Assets/istockphoto-108604226-1024x1024.jpg using Guid(025f51f95d555aa41a79089f5d58e747) Importer(815301076,1909f56bfc062723c751e8b465ee728b)  -> (artifact id: '8fe1b563ad98d74179fd8d8893f54b4e') in 0.109051 seconds
  Import took 0.149267 seconds .

========================================================================
Received Import Request.
  Time since last request: 164.319405 seconds.
  path: Assets/Moon Terrain.OBJ
  artifactKey: Guid(1a0028711b9bd7e46bd9b02d46566901) Importer(815301076,1909f56bfc062723c751e8b465ee728b)
Start importing Assets/Moon Terrain.OBJ using Guid(1a0028711b9bd7e46bd9b02d46566901) Importer(815301076,1909f56bfc062723c751e8b465ee728b)  -> (artifact id: '55cd43b0b21ead42a0d2122996f2a8e3') in 0.379057 seconds
  Import took 0.431135 seconds .

========================================================================
Received Import Request.
  Time since last request: 20.709298 seconds.
  path: Assets/Oculus/VR/Prefabs/OVRGazePointer.prefab
  artifactKey: Guid(8179cbe7ec1967e4084e75b2cbe7b324) Importer(815301076,1909f56bfc062723c751e8b465ee728b)
Start importing Assets/Oculus/VR/Prefabs/OVRGazePointer.prefab using Guid(8179cbe7ec1967e4084e75b2cbe7b324) Importer(815301076,1909f56bfc062723c751e8b465ee728b)  -> (artifact id: 'df6237ee6ac213863b476d68bd9178cd') in 0.044024 seconds
  Import took 0.083140 seconds .

========================================================================
Received Prepare
Registering precompiled user dll's ...
Registered in 0.202543 seconds.
Begin MonoManager ReloadAssembly
Native extension for WindowsStandalone target not found
Refreshing native plugins compatible for Editor in 1.76 ms, found 5 plugins.
Preloading 1 native plugins for Editor in 0.09 ms.
Mono: successfully reloaded assembly
- Completed reload, in  2.106 seconds
Platform modules already initialized, skipping
Switching build target platform(5) subTarget(0) extendedPlatform(0) -> platform(13) subTarget(65536) extendedPlatform(0)
Shader 'Oculus/OVRMRCameraFrameLit': fallback shader 'Alpha-Diffuse' not found
Refreshing native plugins compatible for Editor in 1.68 ms, found 5 plugins.
Preloading 1 native plugins for Editor in 0.09 ms.
Unloading 2372 Unused Serialized files (Serialized files now loaded: 0)
System memory in use before: 157.1 MB.
System memory in use after: 156.9 MB.

Unloading 34 unused Assets to reduce memory usage. Loaded Objects now: 3078.
Total: 5.149500 ms (FindLiveObjects: 0.593500 ms CreateObjectMapping: 0.237500 ms MarkObjects: 3.658400 ms  DeleteObjects: 0.658200 ms)

AssetImportParameters requested are different than current active one (requested -> active):
  custom:graphics/normal-map-encoding: 01000000000000000000000000000000 -> 02000000000000000000000000000000
========================================================================
Received Prepare
Registering precompiled user dll's ...
Registered in 0.394343 seconds.
Begin MonoManager ReloadAssembly
Native extension for WindowsStandalone target not found
Refreshing native plugins compatible for Editor in 1.82 ms, found 5 plugins.
Preloading 1 native plugins for Editor in 0.13 ms.
Mono: successfully reloaded assembly
- Completed reload, in  3.833 seconds
Platform modules already initialized, skipping
Switching build target platform(5) subTarget(0) extendedPlatform(0) -> platform(13) subTarget(65536) extendedPlatform(0)
Shader 'Oculus/OVRMRCameraFrameLit': fallback shader 'Alpha-Diffuse' not found
Refreshing native plugins compatible for Editor in 1.78 ms, found 5 plugins.
Preloading 1 native plugins for Editor in 0.08 ms.
Unloading 2372 Unused Serialized files (Serialized files now loaded: 0)
System memory in use before: 157.1 MB.
System memory in use after: 156.9 MB.

Unloading 34 unused Assets to reduce memory usage. Loaded Objects now: 3082.
Total: 5.158000 ms (FindLiveObjects: 0.528700 ms CreateObjectMapping: 0.256400 ms MarkObjects: 3.545600 ms  DeleteObjects: 0.820300 ms)

AssetImportParameters requested are different than current active one (requested -> active):
  custom:graphics/normal-map-encoding: 01000000000000000000000000000000 -> 02000000000000000000000000000000
========================================================================
Received Import Request.
  Time since last request: 413.933356 seconds.
  path: Packages/com.unity.collab-proxy/Editor/Assets/Icons/collaborate-warning-dark.png
  artifactKey: Guid(0e3edcdf6743ba643999fb3882f1cc15) Importer(815301076,1909f56bfc062723c751e8b465ee728b)
Start importing Packages/com.unity.collab-proxy/Editor/Assets/Icons/collaborate-warning-dark.png using Guid(0e3edcdf6743ba643999fb3882f1cc15) Importer(815301076,1909f56bfc062723c751e8b465ee728b)  -> (artifact id: '838b4c4f321c96c6af71187daaeac7ea') in 0.749382 seconds
  Import took 0.815582 seconds .

========================================================================
Received Import Request.
  Time since last request: 0.001271 seconds.
  path: Packages/com.unity.collab-proxy/Editor/Assets/Icons/collaborate-warning-dark@2x.png
  artifactKey: Guid(45308e2aea842dd4e87bb30395d6e303) Importer(815301076,1909f56bfc062723c751e8b465ee728b)
Start importing Packages/com.unity.collab-proxy/Editor/Assets/Icons/collaborate-warning-dark@2x.png using Guid(45308e2aea842dd4e87bb30395d6e303) Importer(815301076,1909f56bfc062723c751e8b465ee728b)  -> (artifact id: '5d5fed2d74492ba0ea0f02d4debb3c70') in 0.079251 seconds
  Import took 0.106565 seconds .

========================================================================
Received Import Request.
  Time since last request: 0.000521 seconds.
  path: Packages/com.unity.collab-proxy/Editor/Assets/Icons/collaborate-warning-light.png
  artifactKey: Guid(1e80543db0ef9494a9c1777f01e1a4a0) Importer(815301076,1909f56bfc062723c751e8b465ee728b)
Start importing Packages/com.unity.collab-proxy/Editor/Assets/Icons/collaborate-warning-light.png using Guid(1e80543db0ef9494a9c1777f01e1a4a0) Importer(815301076,1909f56bfc062723c751e8b465ee728b)  -> (artifact id: '8d407397baa89ffa68022033754f6e92') in 0.126323 seconds
  Import took 0.187481 seconds .

========================================================================
Received Import Request.
  Time since last request: 0.000353 seconds.
  path: Packages/com.unity.collab-proxy/Editor/Assets/Icons/collaborate-warning-light@2x.png
  artifactKey: Guid(02fa233a818899d48a2d3e68a68b23b6) Importer(815301076,1909f56bfc062723c751e8b465ee728b)
Start importing Packages/com.unity.collab-proxy/Editor/Assets/Icons/collaborate-warning-light@2x.png using Guid(02fa233a818899d48a2d3e68a68b23b6) Importer(815301076,1909f56bfc062723c751e8b465ee728b)  -> (artifact id: '2ccc98c3e4683fe7e5919feefbee22e1') in 0.083146 seconds
  Import took 0.118844 seconds .

========================================================================
Received Import Request.
  Time since last request: 12.832349 seconds.
  path: Assets/Waypoint.prefab
  artifactKey: Guid(3def9e6237370a64594b9bd548a0d658) Importer(815301076,1909f56bfc062723c751e8b465ee728b)
Start importing Assets/Waypoint.prefab using Guid(3def9e6237370a64594b9bd548a0d658) Importer(815301076,1909f56bfc062723c751e8b465ee728b)  -> (artifact id: 'ee2eff4f597fd110b208d20189f5fbeb') in 0.078848 seconds
  Import took 0.151162 seconds .

========================================================================
Received Import Request.
  Time since last request: 463.391360 seconds.
  path: Assets/ObjectsInfo_Canvas.prefab
  artifactKey: Guid(29b09e8c0ea94474cbc991b8ae7c2f8a) Importer(815301076,1909f56bfc062723c751e8b465ee728b)
Start importing Assets/ObjectsInfo_Canvas.prefab using Guid(29b09e8c0ea94474cbc991b8ae7c2f8a) Importer(815301076,1909f56bfc062723c751e8b465ee728b)  -> (artifact id: '9aab2e2ba8b4665e7862e1ee5eb5325c') in 0.459538 seconds
  Import took 0.490267 seconds .

========================================================================
Received Import Request.
  Time since last request: 827.572141 seconds.
  path: Assets/Script/SpeechScript.cs
  artifactKey: Guid(b9b4eacea3cf8314891c938aac40b352) Importer(815301076,1909f56bfc062723c751e8b465ee728b)
Start importing Assets/Script/SpeechScript.cs using Guid(b9b4eacea3cf8314891c938aac40b352) Importer(815301076,1909f56bfc062723c751e8b465ee728b)  -> (artifact id: 'dae094b8efc853fadf5bc9abdcfc3ba5') in 0.172376 seconds
  Import took 0.209652 seconds .

========================================================================
Received Prepare
Registering precompiled user dll's ...
Registered in 0.353463 seconds.
Begin MonoManager ReloadAssembly
Native extension for WindowsStandalone target not found
Refreshing native plugins compatible for Editor in 2.17 ms, found 5 plugins.
Preloading 1 native plugins for Editor in 0.13 ms.
Mono: successfully reloaded assembly
- Completed reload, in  3.966 seconds
Platform modules already initialized, skipping
Switching build target platform(5) subTarget(0) extendedPlatform(0) -> platform(13) subTarget(65536) extendedPlatform(0)
Shader 'Oculus/OVRMRCameraFrameLit': fallback shader 'Alpha-Diffuse' not found
Refreshing native plugins compatible for Editor in 1.90 ms, found 5 plugins.
Preloading 1 native plugins for Editor in 0.08 ms.
Unloading 2373 Unused Serialized files (Serialized files now loaded: 0)
System memory in use before: 157.4 MB.
System memory in use after: 157.2 MB.

Unloading 34 unused Assets to reduce memory usage. Loaded Objects now: 3091.
Total: 6.550100 ms (FindLiveObjects: 0.874500 ms CreateObjectMapping: 0.297800 ms MarkObjects: 4.659400 ms  DeleteObjects: 0.715700 ms)

AssetImportParameters requested are different than current active one (requested -> active):
  custom:graphics/normal-map-encoding: 01000000000000000000000000000000 -> 02000000000000000000000000000000
========================================================================
Received Prepare
Registering precompiled user dll's ...
Registered in 0.313360 seconds.
Begin MonoManager ReloadAssembly
Native extension for WindowsStandalone target not found
Refreshing native plugins compatible for Editor in 2.30 ms, found 5 plugins.
Preloading 1 native plugins for Editor in 0.09 ms.
Mono: successfully reloaded assembly
- Completed reload, in  2.118 seconds
Platform modules already initialized, skipping
Switching build target platform(5) subTarget(0) extendedPlatform(0) -> platform(13) subTarget(65536) extendedPlatform(0)
Shader 'Oculus/OVRMRCameraFrameLit': fallback shader 'Alpha-Diffuse' not found
Refreshing native plugins compatible for Editor in 1.74 ms, found 5 plugins.
Preloading 1 native plugins for Editor in 0.08 ms.
Unloading 2373 Unused Serialized files (Serialized files now loaded: 0)
System memory in use before: 157.4 MB.
System memory in use after: 157.2 MB.

Unloading 34 unused Assets to reduce memory usage. Loaded Objects now: 3095.
Total: 6.045400 ms (FindLiveObjects: 0.757300 ms CreateObjectMapping: 0.369400 ms MarkObjects: 4.186600 ms  DeleteObjects: 0.729500 ms)

AssetImportParameters requested are different than current active one (requested -> active):
  custom:graphics/normal-map-encoding: 01000000000000000000000000000000 -> 02000000000000000000000000000000
========================================================================
Received Prepare
Registering precompiled user dll's ...
Registered in 0.006369 seconds.
Begin MonoManager ReloadAssembly
Native extension for WindowsStandalone target not found
Refreshing native plugins compatible for Editor in 1.71 ms, found 5 plugins.
Preloading 1 native plugins for Editor in 0.09 ms.
Mono: successfully reloaded assembly
- Completed reload, in  2.415 seconds
Platform modules already initialized, skipping
Switching build target platform(5) subTarget(0) extendedPlatform(0) -> platform(13) subTarget(65536) extendedPlatform(0)
Shader 'Oculus/OVRMRCameraFrameLit': fallback shader 'Alpha-Diffuse' not found
Refreshing native plugins compatible for Editor in 1.73 ms, found 5 plugins.
Preloading 1 native plugins for Editor in 0.08 ms.
Unloading 2373 Unused Serialized files (Serialized files now loaded: 0)
System memory in use before: 157.4 MB.
System memory in use after: 157.2 MB.

Unloading 34 unused Assets to reduce memory usage. Loaded Objects now: 3099.
Total: 5.423400 ms (FindLiveObjects: 0.507400 ms CreateObjectMapping: 0.266600 ms MarkObjects: 3.904100 ms  DeleteObjects: 0.743200 ms)

AssetImportParameters requested are different than current active one (requested -> active):
  custom:graphics/normal-map-encoding: 01000000000000000000000000000000 -> 02000000000000000000000000000000
========================================================================
Received Prepare
Registering precompiled user dll's ...
Registered in 0.004152 seconds.
Begin MonoManager ReloadAssembly
Native extension for WindowsStandalone target not found
Refreshing native plugins compatible for Editor in 1.81 ms, found 5 plugins.
Preloading 1 native plugins for Editor in 0.09 ms.
Mono: successfully reloaded assembly
- Completed reload, in  2.170 seconds
Platform modules already initialized, skipping
Switching build target platform(5) subTarget(0) extendedPlatform(0) -> platform(13) subTarget(65536) extendedPlatform(0)
Shader 'Oculus/OVRMRCameraFrameLit': fallback shader 'Alpha-Diffuse' not found
Refreshing native plugins compatible for Editor in 1.68 ms, found 5 plugins.
Preloading 1 native plugins for Editor in 0.08 ms.
Unloading 2373 Unused Serialized files (Serialized files now loaded: 0)
System memory in use before: 157.4 MB.
System memory in use after: 157.2 MB.

Unloading 34 unused Assets to reduce memory usage. Loaded Objects now: 3103.
Total: 5.285500 ms (FindLiveObjects: 0.458900 ms CreateObjectMapping: 0.217400 ms MarkObjects: 3.877400 ms  DeleteObjects: 0.729200 ms)

AssetImportParameters requested are different than current active one (requested -> active):
  custom:graphics/normal-map-encoding: 01000000000000000000000000000000 -> 02000000000000000000000000000000
========================================================================
Received Import Request.
  Time since last request: 1092.783355 seconds.
  path: Assets/triggerinfo.cs
  artifactKey: Guid(f5a72c3cd482a964392780afce9f9f70) Importer(815301076,1909f56bfc062723c751e8b465ee728b)
Start importing Assets/triggerinfo.cs using Guid(f5a72c3cd482a964392780afce9f9f70) Importer(815301076,1909f56bfc062723c751e8b465ee728b)  -> (artifact id: '4c72d5daa44eaf2239fd0d3873d31f81') in 0.020112 seconds
  Import took 0.193705 seconds .

========================================================================
Received Import Request.
  Time since last request: 1.358645 seconds.
  path: Assets/gamepause.cs
  artifactKey: Guid(cc27bba84c3ddce43a1707b48ef2fabb) Importer(815301076,1909f56bfc062723c751e8b465ee728b)
Start importing Assets/gamepause.cs using Guid(cc27bba84c3ddce43a1707b48ef2fabb) Importer(815301076,1909f56bfc062723c751e8b465ee728b)  -> (artifact id: 'fb22ca2ea3cb8f36f23846c26d4de5bb') in 0.013417 seconds
  Import took 0.149072 seconds .

========================================================================
Received Prepare
Registering precompiled user dll's ...
Registered in 0.006993 seconds.
Begin MonoManager ReloadAssembly
Native extension for WindowsStandalone target not found
Refreshing native plugins compatible for Editor in 2.54 ms, found 5 plugins.
Preloading 1 native plugins for Editor in 0.10 ms.
Mono: successfully reloaded assembly
- Completed reload, in  2.675 seconds
Platform modules already initialized, skipping
Switching build target platform(5) subTarget(0) extendedPlatform(0) -> platform(13) subTarget(65536) extendedPlatform(0)
Shader 'Oculus/OVRMRCameraFrameLit': fallback shader 'Alpha-Diffuse' not found
Refreshing native plugins compatible for Editor in 7.38 ms, found 5 plugins.
Preloading 1 native plugins for Editor in 0.12 ms.
Unloading 2373 Unused Serialized files (Serialized files now loaded: 0)
System memory in use before: 157.4 MB.
System memory in use after: 157.2 MB.

Unloading 34 unused Assets to reduce memory usage. Loaded Objects now: 3107.
Total: 7.110000 ms (FindLiveObjects: 0.904400 ms CreateObjectMapping: 0.345100 ms MarkObjects: 4.866700 ms  DeleteObjects: 0.990800 ms)

AssetImportParameters requested are different than current active one (requested -> active):
  custom:graphics/normal-map-encoding: 01000000000000000000000000000000 -> 02000000000000000000000000000000
========================================================================
Received Prepare
Registering precompiled user dll's ...
Registered in 0.004331 seconds.
Begin MonoManager ReloadAssembly
Native extension for WindowsStandalone target not found
Refreshing native plugins compatible for Editor in 1.69 ms, found 5 plugins.
Preloading 1 native plugins for Editor in 0.10 ms.
Mono: successfully reloaded assembly
- Completed reload, in  2.303 seconds
Platform modules already initialized, skipping
Switching build target platform(5) subTarget(0) extendedPlatform(0) -> platform(13) subTarget(65536) extendedPlatform(0)
Shader 'Oculus/OVRMRCameraFrameLit': fallback shader 'Alpha-Diffuse' not found
Refreshing native plugins compatible for Editor in 1.74 ms, found 5 plugins.
Preloading 1 native plugins for Editor in 0.09 ms.
Unloading 2373 Unused Serialized files (Serialized files now loaded: 0)
System memory in use before: 157.5 MB.
System memory in use after: 157.2 MB.

Unloading 34 unused Assets to reduce memory usage. Loaded Objects now: 3111.
Total: 5.407200 ms (FindLiveObjects: 0.573100 ms CreateObjectMapping: 0.318700 ms MarkObjects: 3.746600 ms  DeleteObjects: 0.765700 ms)

AssetImportParameters requested are different than current active one (requested -> active):
  custom:graphics/normal-map-encoding: 01000000000000000000000000000000 -> 02000000000000000000000000000000
========================================================================
Received Prepare
Registering precompiled user dll's ...
Registered in 0.004987 seconds.
Begin MonoManager ReloadAssembly
Native extension for WindowsStandalone target not found
Refreshing native plugins compatible for Editor in 3.24 ms, found 5 plugins.
Preloading 1 native plugins for Editor in 0.11 ms.
Mono: successfully reloaded assembly
- Completed reload, in  2.655 seconds
Platform modules already initialized, skipping
Switching build target platform(5) subTarget(0) extendedPlatform(0) -> platform(13) subTarget(65536) extendedPlatform(0)
Shader 'Oculus/OVRMRCameraFrameLit': fallback shader 'Alpha-Diffuse' not found
Refreshing native plugins compatible for Editor in 1.77 ms, found 5 plugins.
Preloading 1 native plugins for Editor in 0.09 ms.
Unloading 2373 Unused Serialized files (Serialized files now loaded: 0)
System memory in use before: 157.4 MB.
System memory in use after: 157.3 MB.

Unloading 34 unused Assets to reduce memory usage. Loaded Objects now: 3115.
Total: 6.526900 ms (FindLiveObjects: 0.776300 ms CreateObjectMapping: 0.388800 ms MarkObjects: 4.310000 ms  DeleteObjects: 1.048600 ms)

AssetImportParameters requested are different than current active one (requested -> active):
  custom:graphics/normal-map-encoding: 01000000000000000000000000000000 -> 02000000000000000000000000000000
========================================================================
Received Prepare
Registering precompiled user dll's ...
Registered in 0.006336 seconds.
Begin MonoManager ReloadAssembly
Native extension for WindowsStandalone target not found
Refreshing native plugins compatible for Editor in 1.99 ms, found 5 plugins.
Preloading 1 native plugins for Editor in 0.09 ms.
Mono: successfully reloaded assembly
- Completed reload, in  2.652 seconds
Platform modules already initialized, skipping
Switching build target platform(5) subTarget(0) extendedPlatform(0) -> platform(13) subTarget(65536) extendedPlatform(0)
Shader 'Oculus/OVRMRCameraFrameLit': fallback shader 'Alpha-Diffuse' not found
Refreshing native plugins compatible for Editor in 2.66 ms, found 5 plugins.
Preloading 1 native plugins for Editor in 0.12 ms.
Unloading 2373 Unused Serialized files (Serialized files now loaded: 0)
System memory in use before: 157.5 MB.
System memory in use after: 157.3 MB.

Unloading 34 unused Assets to reduce memory usage. Loaded Objects now: 3119.
Total: 6.985600 ms (FindLiveObjects: 0.959500 ms CreateObjectMapping: 0.381500 ms MarkObjects: 4.726700 ms  DeleteObjects: 0.912100 ms)

AssetImportParameters requested are different than current active one (requested -> active):
  custom:graphics/normal-map-encoding: 01000000000000000000000000000000 -> 02000000000000000000000000000000
========================================================================
Received Prepare
Registering precompiled user dll's ...
Registered in 0.004501 seconds.
Begin MonoManager ReloadAssembly
Native extension for WindowsStandalone target not found
Refreshing native plugins compatible for Editor in 1.75 ms, found 5 plugins.
Preloading 1 native plugins for Editor in 0.10 ms.
Mono: successfully reloaded assembly
- Completed reload, in  2.323 seconds
Platform modules already initialized, skipping
Switching build target platform(5) subTarget(0) extendedPlatform(0) -> platform(13) subTarget(65536) extendedPlatform(0)
Shader 'Oculus/OVRMRCameraFrameLit': fallback shader 'Alpha-Diffuse' not found
Refreshing native plugins compatible for Editor in 1.84 ms, found 5 plugins.
Preloading 1 native plugins for Editor in 0.08 ms.
Unloading 2373 Unused Serialized files (Serialized files now loaded: 0)
System memory in use before: 157.5 MB.
System memory in use after: 157.3 MB.

Unloading 34 unused Assets to reduce memory usage. Loaded Objects now: 3123.
Total: 6.478000 ms (FindLiveObjects: 0.825100 ms CreateObjectMapping: 0.424600 ms MarkObjects: 4.443800 ms  DeleteObjects: 0.780800 ms)

AssetImportParameters requested are different than current active one (requested -> active):
  custom:graphics/normal-map-encoding: 01000000000000000000000000000000 -> 02000000000000000000000000000000
========================================================================
Received Prepare
Registering precompiled user dll's ...
Registered in 0.005219 seconds.
Begin MonoManager ReloadAssembly
Native extension for WindowsStandalone target not found
Refreshing native plugins compatible for Editor in 1.78 ms, found 5 plugins.
Preloading 1 native plugins for Editor in 0.09 ms.
Mono: successfully reloaded assembly
- Completed reload, in  2.681 seconds
Platform modules already initialized, skipping
Switching build target platform(5) subTarget(0) extendedPlatform(0) -> platform(13) subTarget(65536) extendedPlatform(0)
Shader 'Oculus/OVRMRCameraFrameLit': fallback shader 'Alpha-Diffuse' not found
Refreshing native plugins compatible for Editor in 1.72 ms, found 5 plugins.
Preloading 1 native plugins for Editor in 0.08 ms.
Unloading 2373 Unused Serialized files (Serialized files now loaded: 0)
System memory in use before: 157.5 MB.
System memory in use after: 157.3 MB.

Unloading 34 unused Assets to reduce memory usage. Loaded Objects now: 3127.
Total: 5.563800 ms (FindLiveObjects: 0.540500 ms CreateObjectMapping: 0.337000 ms MarkObjects: 3.880200 ms  DeleteObjects: 0.804000 ms)

AssetImportParameters requested are different than current active one (requested -> active):
  custom:graphics/normal-map-encoding: 01000000000000000000000000000000 -> 02000000000000000000000000000000
========================================================================
Received Prepare
Registering precompiled user dll's ...
Registered in 0.004195 seconds.
Begin MonoManager ReloadAssembly
Native extension for WindowsStandalone target not found
Refreshing native plugins compatible for Editor in 2.10 ms, found 5 plugins.
Preloading 1 native plugins for Editor in 0.10 ms.
Mono: successfully reloaded assembly
- Completed reload, in  2.302 seconds
Platform modules already initialized, skipping
Switching build target platform(5) subTarget(0) extendedPlatform(0) -> platform(13) subTarget(65536) extendedPlatform(0)
Shader 'Oculus/OVRMRCameraFrameLit': fallback shader 'Alpha-Diffuse' not found
Refreshing native plugins compatible for Editor in 1.76 ms, found 5 plugins.
Preloading 1 native plugins for Editor in 0.08 ms.
Unloading 2373 Unused Serialized files (Serialized files now loaded: 0)
System memory in use before: 157.5 MB.
System memory in use after: 157.3 MB.

Unloading 34 unused Assets to reduce memory usage. Loaded Objects now: 3131.
Total: 5.930900 ms (FindLiveObjects: 0.974700 ms CreateObjectMapping: 0.295300 ms MarkObjects: 3.896100 ms  DeleteObjects: 0.760700 ms)

AssetImportParameters requested are different than current active one (requested -> active):
  custom:graphics/normal-map-encoding: 01000000000000000000000000000000 -> 02000000000000000000000000000000
========================================================================
Received Prepare
Registering precompiled user dll's ...
Registered in 0.484188 seconds.
Begin MonoManager ReloadAssembly
Native extension for WindowsStandalone target not found
Refreshing native plugins compatible for Editor in 2.20 ms, found 5 plugins.
Preloading 1 native plugins for Editor in 0.11 ms.
Mono: successfully reloaded assembly
- Completed reload, in  2.399 seconds
Platform modules already initialized, skipping
Switching build target platform(5) subTarget(0) extendedPlatform(0) -> platform(13) subTarget(65536) extendedPlatform(0)
Shader 'Oculus/OVRMRCameraFrameLit': fallback shader 'Alpha-Diffuse' not found
Refreshing native plugins compatible for Editor in 2.74 ms, found 5 plugins.
Preloading 1 native plugins for Editor in 0.12 ms.
Unloading 2373 Unused Serialized files (Serialized files now loaded: 0)
System memory in use before: 157.5 MB.
System memory in use after: 157.3 MB.

Unloading 34 unused Assets to reduce memory usage. Loaded Objects now: 3135.
Total: 6.488400 ms (FindLiveObjects: 0.809300 ms CreateObjectMapping: 0.666200 ms MarkObjects: 4.278400 ms  DeleteObjects: 0.732500 ms)

AssetImportParameters requested are different than current active one (requested -> active):
  custom:graphics/normal-map-encoding: 01000000000000000000000000000000 -> 02000000000000000000000000000000
========================================================================
Received Import Request.
  Time since last request: 1189.314632 seconds.
  path: Assets/Scenes/Menu Scene.unity
  artifactKey: Guid(2377bc7c87b55d54b98e874698181dc0) Importer(815301076,1909f56bfc062723c751e8b465ee728b)
Start importing Assets/Scenes/Menu Scene.unity using Guid(2377bc7c87b55d54b98e874698181dc0) Importer(815301076,1909f56bfc062723c751e8b465ee728b)  -> (artifact id: 'd9082d43c9a726339ff95af6886bc0d6') in 0.347573 seconds
  Import took 0.543729 seconds .

========================================================================
Received Prepare
Registering precompiled user dll's ...
Registered in 0.004204 seconds.
Begin MonoManager ReloadAssembly
Native extension for WindowsStandalone target not found
Refreshing native plugins compatible for Editor in 1.70 ms, found 5 plugins.
Preloading 1 native plugins for Editor in 0.08 ms.
Mono: successfully reloaded assembly
- Completed reload, in  2.930 seconds
Platform modules already initialized, skipping
Switching build target platform(5) subTarget(0) extendedPlatform(0) -> platform(13) subTarget(65536) extendedPlatform(0)
Shader 'Oculus/OVRMRCameraFrameLit': fallback shader 'Alpha-Diffuse' not found
Refreshing native plugins compatible for Editor in 3.16 ms, found 5 plugins.
Preloading 1 native plugins for Editor in 0.11 ms.
Unloading 2373 Unused Serialized files (Serialized files now loaded: 0)
System memory in use before: 157.5 MB.
System memory in use after: 157.3 MB.

Unloading 34 unused Assets to reduce memory usage. Loaded Objects now: 3139.
Total: 5.364600 ms (FindLiveObjects: 0.559700 ms CreateObjectMapping: 0.314200 ms MarkObjects: 3.508800 ms  DeleteObjects: 0.979600 ms)

AssetImportParameters requested are different than current active one (requested -> active):
  custom:graphics/normal-map-encoding: 01000000000000000000000000000000 -> 02000000000000000000000000000000
========================================================================
Received Prepare
Registering precompiled user dll's ...
Registered in 0.004476 seconds.
Begin MonoManager ReloadAssembly
Native extension for WindowsStandalone target not found
Refreshing native plugins compatible for Editor in 1.71 ms, found 5 plugins.
Preloading 1 native plugins for Editor in 0.10 ms.
Mono: successfully reloaded assembly
- Completed reload, in  2.308 seconds
Platform modules already initialized, skipping
Switching build target platform(5) subTarget(0) extendedPlatform(0) -> platform(13) subTarget(65536) extendedPlatform(0)
Shader 'Oculus/OVRMRCameraFrameLit': fallback shader 'Alpha-Diffuse' not found
Refreshing native plugins compatible for Editor in 1.70 ms, found 5 plugins.
Preloading 1 native plugins for Editor in 0.07 ms.
Unloading 2373 Unused Serialized files (Serialized files now loaded: 0)
System memory in use before: 157.6 MB.
System memory in use after: 157.3 MB.

Unloading 34 unused Assets to reduce memory usage. Loaded Objects now: 3143.
Total: 5.287700 ms (FindLiveObjects: 0.581800 ms CreateObjectMapping: 0.280200 ms MarkObjects: 3.659200 ms  DeleteObjects: 0.763200 ms)

AssetImportParameters requested are different than current active one (requested -> active):
  custom:graphics/normal-map-encoding: 01000000000000000000000000000000 -> 02000000000000000000000000000000
